<?xml version="1.0" encoding="UTF-8"?>
<!-- Generated by org.testng.reporters.JUnitXMLReporter -->
<testsuite ignored="0" hostname="WSAMZN-7ID4CD15" failures="0" tests="3" name="Default test" time="26.668" errors="0" timestamp="2023-04-04T16:55:09 IST">
  <testcase classname="com.gapi.testCases.CancelCustomerSupportTicket" name="verifyCancelCustomerSupportTicket" time="8.961"/>
  <testcase classname="com.gapi.testCases.CancelCustomerSupportTicket" name="verifyCancelCustomerSupportTicket" time="7.106"/>
  <testcase classname="com.gapi.testCases.CancelCustomerSupportTicket" name="verifyCancelCustomerSupportTicket" time="7.088"/>
</testsuite> <!-- Default test -->
