<!DOCTYPE html>
<html>

<head>
	<meta charset='UTF-8' /> 
	<meta name='description' content='' />
	<meta name='robots' content='noodp, noydir' />
	<meta name='viewport' content='width=device-width, initial-scale=1' />
	<meta id="timeStampFormat" name="timeStampFormat" content='MMM d, yyyy hh:mm:ss a'/>
	
	<link href='https://fonts.googleapis.com/css?family=Source+Sans+Pro:400,600' rel='stylesheet' type='text/css' />
	<link href="https://fonts.googleapis.com/icon?family=Material+Icons" rel="stylesheet" />
	<link href='https://cdn.rawgit.com/extent-framework/extent-github-cdn/191775216e8ce53c38791eb07a1d2f31d0ae11b5/v3html/css/extent.css' type='text/css' rel='stylesheet' />
	
	<title>GAPI project</title>

	<style type='text/css'>
		/* json-tree */
		.jstBracket,.jstComma,.jstValue{white-space:pre-wrap}.jstValue{font-size:10px;font-weight:400;font-family:"Lucida Console",Monaco,monospace}.jstProperty{color:#666;word-wrap:break-word}.jstBool{color:#2525CC}.jstNum{color:#D036D0}.jstNull{color:gray}.jstStr{color:#2DB669}.jstFold:after{content:' -';cursor:pointer}.jstExpand{white-space:normal}.jstExpand:after{content:' +';cursor:pointer}.jstFolded{white-space:normal!important}.jstHiddenBlock{display:none}
			
            
                
            
        
	</style>
	
	<script type="text/javascript">
		/*! json-tree - v0.2.2 - 2017-09-25, MIT LICENSE */
		var JSONTree=function(){var n={"&":"&amp;","<":"&lt;",">":"&gt;",'"':"&quot;","'":"&#x27;","/":"&#x2F;"},t=0,r=0;this.create=function(n,t){return r+=1,N(u(n,0,!1),{class:"jstValue"})};var e=function(t){return t.replace(/[&<>'"]/g,function(t){return n[t]})},s=function(){return r+"_"+t++},u=function(n,t,r){if(null===n)return f(r?t:0);switch(typeof n){case"boolean":return l(n,r?t:0);case"number":return i(n,r?t:0);case"string":return o(n,r?t:0);default:return n instanceof Array?a(n,t,r):c(n,t,r)}},c=function(n,t,r){var e=s(),u=Object.keys(n).map(function(r){return j(r,n[r],t+1,!0)}).join(m()),c=[g("{",r?t:0,e),N(u,{id:e}),p("}",t)].join("\n");return N(c,{})},a=function(n,t,r){var e=s(),c=n.map(function(n){return u(n,t+1,!0)}).join(m());return[g("[",r?t:0,e),N(c,{id:e}),p("]",t)].join("\n")},o=function(n,t){var r=e(JSON.stringify(n));return N(v(r,t),{class:"jstStr"})},i=function(n,t){return N(v(n,t),{class:"jstNum"})},l=function(n,t){return N(v(n,t),{class:"jstBool"})},f=function(n){return N(v("null",n),{class:"jstNull"})},j=function(n,t,r){var s=v(e(JSON.stringify(n))+": ",r),c=N(u(t,r,!1),{});return N(s+c,{class:"jstProperty"})},m=function(){return N(",\n",{class:"jstComma"})},N=function(n,t){return d("span",t,n)},d=function(n,t,r){return"<"+n+Object.keys(t).map(function(n){return" "+n+'="'+t[n]+'"'}).join("")+">"+r+"</"+n+">"},g=function(n,t,r){return N(v(n,t),{class:"jstBracket"})+N("",{class:"jstFold",onclick:"JSONTree.toggle('"+r+"')"})};this.toggle=function(n){var t=document.getElementById(n),r=t.parentNode,e=t.previousElementSibling;""===t.className?(t.className="jstHiddenBlock",r.className="jstFolded",e.className="jstExpand"):(t.className="",r.className="",e.className="jstFold")};var p=function(n,t){return N(v(n,t),{})},v=function(n,t){return Array(2*t+1).join(" ")+n};return this}();
	</script>
</head>
	<body class='extent dark default hide-overflow '>
		<div id='theme-selector' alt='Click to toggle theme. To enable by default, use theme configuration.' title='Click to toggle theme. To enable by default, use theme configuration.'>
			<span><i class='material-icons'>desktop_windows</i></span>
		</div>
<nav>
	<div class="nav-wrapper">
		<a href="#!" class="brand-logo black"><img src="https://cdn.rawgit.com/extent-framework/extent-github-cdn/d74480e/commons/img/logo.png"></a>
		<!-- slideout menu -->
		<ul id='slide-out' class='side-nav fixed hide-on-med-and-down'>
			<li class='waves-effect active'><a href='#!' view='test-view' onclick="configureView(0);chartsView('test');"><i class='material-icons'>dashboard</i></a></li>
						<li class='waves-effect'><a href='#!' onclick="configureView(-1);chartsView('dashboard');" view='dashboard-view'><i class='material-icons'>track_changes</i></a></li>
		</ul>
		<!-- report name -->
		<span class='report-name'>API Functional Test Automation Report</span>
		<!-- report headline -->
		<span class='report-headline'></span>
		<!-- nav-right -->
		<ul id='nav-mobile' class='right hide-on-med-and-down nav-right'>
			<a href='#!'>
			<span class='label blue darken-3 suite-start-time'>Mar 15, 2023 08:03:51 PM</span>
			</a>
		</ul>
	</div>
</nav>		<!-- container -->
		<div class='container'>
<div id='test-view' class='view'>
	<section id='controls'>
		<div class='controls grey lighten-4'>
			<!-- test toggle -->
			<div class='chip transparent'>
				<a class='dropdown-button tests-toggle' data-activates='tests-toggle' data-constrainwidth='true' data-beloworigin='true' data-hover='true' href='#'>
				<i class='material-icons'>warning</i> Status
				</a>
				<ul id='tests-toggle' class='dropdown-content'>
										<li status='fail'><a href='#!'>Fail <i class='material-icons red-text'>cancel</i></a></li>
					<li class='divider'></li>
					<li status='clear' clear='true'><a href='#!'>Clear Filters <i class='material-icons'>clear</i></a></li>
				</ul>
			</div>
			<!-- test toggle -->
			<!-- category toggle -->
			<!-- category toggle -->
			<!-- clear filters -->
			<div class='chip transparent hide'>
				<a class='' id='clear-filters' alt='Clear Filters' title='Clear Filters'>
				<i class='material-icons'>close</i> Clear
				</a>
			</div>
			<!-- clear filters -->
			<!-- enable dashboard -->
			<div id='toggle-test-view-charts' class='chip transparent'>
				<a class='pink-text' id='enable-dashboard' alt='Enable Dashboard' title='Enable Dashboard'>
				<i class='material-icons'>track_changes</i> Dashboard
				</a>
			</div>
			<!-- enable dashboard -->
			<!-- search -->
			<div class='chip transparent' alt='Search Tests' title='Search Tests'>
				<a href="#" class='search-div'>
				<i class='material-icons'>search</i> Search
				</a>
				<div class='input-field left hide'>
					<input id='search-tests' type='text' class='validate browser-default' placeholder='Search Tests...'>
				</div>
			</div>
			<!-- search -->
		</div>
	</section>
<div id='test-view-charts' class='subview-full'>
	<div id='charts-row' class='row nm-v nm-h'>
		<div class='col s12 m6 l6 np-h'>
			<div class='card-panel nm-v'>
				<div class='left panel-name'>Tests</div>
				<div class='chart-box' style="max-height:94px;">
					<canvas id='parent-analysis' width='100' height='80'></canvas>
				</div>
				<div class='block text-small'>
					<span class='tooltipped' data-position='top' data-tooltip='0%'><span class='strong'>0</span> test(s) passed</span>
				</div>
				<div class='block text-small'>
					<span class='strong tooltipped' data-position='top' data-tooltip='100%'>8</span> test(s) failed, <span class='strong tooltipped' data-position='top' data-tooltip='0%'>0</span> others
				</div>
			</div>
		</div>
	</div>
	<div id="timeline-chart" class="row nm-v nm-h">
		<div class="col s12 m12 l12 np-h">
			<div class="card-panel">
				<div class='left panel-name'>Timeline (seconds)</div>
				<div class="chart-box" style="width:98%;max-height:145px;">
					<canvas id="timeline" height="120"></canvas>
				</div>
			</div>
		</div>
	</div>
</div>	<div class='subview-left left'>
		<div class='view-summary'>
			<ul id='test-collection' class='test-collection'>
				<li class='test displayed active  fail' status='fail' bdd='false' test-id='1'>
					<div class='test-heading'>
						<span class='test-name'>Verify Get-All- Retrieve the Shipments Ticket details by filtering with Status as InProgress</span>
						<span class='test-time'>Mar 15, 2023 08:03:54 PM</span>
						<span class='test-status right fail'>fail</span>
					</div>
					<div class='test-content hide'>
<div class='test-time-info'>
	<span class='label start-time'>Mar 15, 2023 08:03:54 PM</span>
	<span class='label end-time'>Mar 15, 2023 08:03:57 PM</span>
	<span class='label time-taken grey lighten-1 white-text'>0h 0m 2s+512ms</span>
</div>
<div class='test-steps'>
	<table class='bordered table-results'>
		<thead>
			<tr>
				<th>Status</th>
				<th>Timestamp</th>
				<th>Details</th>
			</tr>
		</thead>
		<tbody>
			<tr class='log' status='info'>
				<td class='status info' title='info' alt='info'><i class='material-icons'>info_outline</i></td>
				<td class='timestamp'>8:03:57 PM</td>
				<td class='step-details'>
						API -https://api-tst.digitalrealty.com/v1/shipment-tickets?status=In Progress
					
				</td>
			</tr>
			<tr class='log' status='pass'>
				<td class='status pass' title='pass' alt='pass'><i class='material-icons'>check_circle</i></td>
				<td class='timestamp'>8:03:57 PM</td>
				<td class='step-details'>
						Response Status Code and Status Message is HTTP/1.1 200 OK
					
				</td>
			</tr>
			<tr class='log' status='pass'>
				<td class='status pass' title='pass' alt='pass'><i class='material-icons'>check_circle</i></td>
				<td class='timestamp'>8:03:57 PM</td>
				<td class='step-details'>
						{
                "content": [],
                "pageable": {   
                    "last": true,
                    "totalPages": 0,
                    "totalElements": 0,
                    "size": 25,
                    "number": 0,
                    "numberOfElements": 0,
                    "first": true,
                    "empty": true
                }

            }
					
				</td>
			</tr>
			<tr class='log' status='fail'>
				<td class='status fail' title='fail' alt='fail'><i class='material-icons'>cancel</i></td>
				<td class='timestamp'>8:03:57 PM</td>
				<td class='step-details'>
						<details><summary><b><font color = red>Exception Occured, Click to see details:</font></b></summary>[org.testng.Assert.fail(Assert.java:99)<br> org.testng.Assert.failNotEquals(Assert.java:1037)<br> org.testng.Assert.assertTrue(Assert.java:45)<br> org.testng.Assert.assertTrue(Assert.java:55)<br> com.gapi.testCases.GetShipmentsTicketDetails.verifyGetAllWithShipmentsTicketFilters(GetShipmentsTicketDetails.java:101)<br> java.base/jdk.internal.reflect.NativeMethodAccessorImpl.invoke0(Native Method)<br> java.base/jdk.internal.reflect.NativeMethodAccessorImpl.invoke(NativeMethodAccessorImpl.java:77)<br> java.base/jdk.internal.reflect.DelegatingMethodAccessorImpl.invoke(DelegatingMethodAccessorImpl.java:43)<br> java.base/java.lang.reflect.Method.invoke(Method.java:568)<br> org.testng.internal.MethodInvocationHelper.invokeMethod(MethodInvocationHelper.java:133)<br> org.testng.internal.TestInvoker.invokeMethod(TestInvoker.java:598)<br> org.testng.internal.TestInvoker.invokeTestMethod(TestInvoker.java:173)<br> org.testng.internal.MethodRunner.runInSequence(MethodRunner.java:46)<br> org.testng.internal.TestInvoker$MethodInvocationAgent.invoke(TestInvoker.java:824)<br> org.testng.internal.TestInvoker.invokeTestMethods(TestInvoker.java:146)<br> org.testng.internal.TestMethodWorker.invokeTestMethods(TestMethodWorker.java:146)<br> org.testng.internal.TestMethodWorker.run(TestMethodWorker.java:128)<br> java.base/java.util.ArrayList.forEach(ArrayList.java:1511)<br> org.testng.TestRunner.privateRun(TestRunner.java:794)<br> org.testng.TestRunner.run(TestRunner.java:596)<br> org.testng.SuiteRunner.runTest(SuiteRunner.java:377)<br> org.testng.SuiteRunner.runSequentially(SuiteRunner.java:371)<br> org.testng.SuiteRunner.privateRun(SuiteRunner.java:332)<br> org.testng.SuiteRunner.run(SuiteRunner.java:276)<br> org.testng.SuiteRunnerWorker.runSuite(SuiteRunnerWorker.java:53)<br> org.testng.SuiteRunnerWorker.run(SuiteRunnerWorker.java:96)<br> org.testng.TestNG.runSuitesSequentially(TestNG.java:1212)<br> org.testng.TestNG.runSuitesLocally(TestNG.java:1134)<br> org.testng.TestNG.runSuites(TestNG.java:1063)<br> org.testng.TestNG.run(TestNG.java:1031)<br> org.testng.remote.AbstractRemoteTestNG.run(AbstractRemoteTestNG.java:115)<br> org.testng.remote.RemoteTestNG.initAndRun(RemoteTestNG.java:251)<br> org.testng.remote.RemoteTestNG.main(RemoteTestNG.java:77)]</details>
					
				</td>
			</tr>
			<tr class='log' status='fail'>
				<td class='status fail' title='fail' alt='fail'><i class='material-icons'>cancel</i></td>
				<td class='timestamp'>8:03:57 PM</td>
				<td class='step-details'>
						<span class='badge white-text red'>java.lang.AssertionError: expected [true] but found [false]Test Failed</span>
					
				</td>
			</tr>
			<tr class='log' status='fail'>
				<td class='status fail' title='fail' alt='fail'><i class='material-icons'>cancel</i></td>
				<td class='timestamp'>8:03:57 PM</td>
				<td class='step-details'>
						<span class='badge white-text red'>verifyGetAllWithShipmentsTicketFilters</span>
					
				</td>
			</tr>
		</tbody>
	</table>
</div>
					</div>
				</li>
				<li class='test displayed active  fail' status='fail' bdd='false' test-id='2'>
					<div class='test-heading'>
						<span class='test-name'>Verify Get-All- Retrieve the Shipments Ticket details by filtering with Status as Completed</span>
						<span class='test-time'>Mar 15, 2023 08:03:57 PM</span>
						<span class='test-status right fail'>fail</span>
					</div>
					<div class='test-content hide'>
<div class='test-time-info'>
	<span class='label start-time'>Mar 15, 2023 08:03:57 PM</span>
	<span class='label end-time'>Mar 15, 2023 08:03:59 PM</span>
	<span class='label time-taken grey lighten-1 white-text'>0h 0m 2s+326ms</span>
</div>
<div class='test-steps'>
	<table class='bordered table-results'>
		<thead>
			<tr>
				<th>Status</th>
				<th>Timestamp</th>
				<th>Details</th>
			</tr>
		</thead>
		<tbody>
			<tr class='log' status='info'>
				<td class='status info' title='info' alt='info'><i class='material-icons'>info_outline</i></td>
				<td class='timestamp'>8:03:59 PM</td>
				<td class='step-details'>
						API -https://api-tst.digitalrealty.com/v1/shipment-tickets?status=Completed
					
				</td>
			</tr>
			<tr class='log' status='pass'>
				<td class='status pass' title='pass' alt='pass'><i class='material-icons'>check_circle</i></td>
				<td class='timestamp'>8:03:59 PM</td>
				<td class='step-details'>
						Response Status Code and Status Message is HTTP/1.1 200 OK
					
				</td>
			</tr>
			<tr class='log' status='pass'>
				<td class='status pass' title='pass' alt='pass'><i class='material-icons'>check_circle</i></td>
				<td class='timestamp'>8:03:59 PM</td>
				<td class='step-details'>
						{
                "content": [],
                "pageable": {   
                    "last": true,
                    "totalPages": 0,
                    "totalElements": 0,
                    "size": 25,
                    "number": 0,
                    "numberOfElements": 0,
                    "first": true,
                    "empty": true
                }

            }
					
				</td>
			</tr>
			<tr class='log' status='fail'>
				<td class='status fail' title='fail' alt='fail'><i class='material-icons'>cancel</i></td>
				<td class='timestamp'>8:03:59 PM</td>
				<td class='step-details'>
						<details><summary><b><font color = red>Exception Occured, Click to see details:</font></b></summary>[org.testng.Assert.fail(Assert.java:99)<br> org.testng.Assert.failNotEquals(Assert.java:1037)<br> org.testng.Assert.assertTrue(Assert.java:45)<br> org.testng.Assert.assertTrue(Assert.java:55)<br> com.gapi.testCases.GetShipmentsTicketDetails.verifyGetAllWithShipmentsTicketFilters(GetShipmentsTicketDetails.java:101)<br> java.base/jdk.internal.reflect.NativeMethodAccessorImpl.invoke0(Native Method)<br> java.base/jdk.internal.reflect.NativeMethodAccessorImpl.invoke(NativeMethodAccessorImpl.java:77)<br> java.base/jdk.internal.reflect.DelegatingMethodAccessorImpl.invoke(DelegatingMethodAccessorImpl.java:43)<br> java.base/java.lang.reflect.Method.invoke(Method.java:568)<br> org.testng.internal.MethodInvocationHelper.invokeMethod(MethodInvocationHelper.java:133)<br> org.testng.internal.TestInvoker.invokeMethod(TestInvoker.java:598)<br> org.testng.internal.TestInvoker.invokeTestMethod(TestInvoker.java:173)<br> org.testng.internal.MethodRunner.runInSequence(MethodRunner.java:46)<br> org.testng.internal.TestInvoker$MethodInvocationAgent.invoke(TestInvoker.java:824)<br> org.testng.internal.TestInvoker.invokeTestMethods(TestInvoker.java:146)<br> org.testng.internal.TestMethodWorker.invokeTestMethods(TestMethodWorker.java:146)<br> org.testng.internal.TestMethodWorker.run(TestMethodWorker.java:128)<br> java.base/java.util.ArrayList.forEach(ArrayList.java:1511)<br> org.testng.TestRunner.privateRun(TestRunner.java:794)<br> org.testng.TestRunner.run(TestRunner.java:596)<br> org.testng.SuiteRunner.runTest(SuiteRunner.java:377)<br> org.testng.SuiteRunner.runSequentially(SuiteRunner.java:371)<br> org.testng.SuiteRunner.privateRun(SuiteRunner.java:332)<br> org.testng.SuiteRunner.run(SuiteRunner.java:276)<br> org.testng.SuiteRunnerWorker.runSuite(SuiteRunnerWorker.java:53)<br> org.testng.SuiteRunnerWorker.run(SuiteRunnerWorker.java:96)<br> org.testng.TestNG.runSuitesSequentially(TestNG.java:1212)<br> org.testng.TestNG.runSuitesLocally(TestNG.java:1134)<br> org.testng.TestNG.runSuites(TestNG.java:1063)<br> org.testng.TestNG.run(TestNG.java:1031)<br> org.testng.remote.AbstractRemoteTestNG.run(AbstractRemoteTestNG.java:115)<br> org.testng.remote.RemoteTestNG.initAndRun(RemoteTestNG.java:251)<br> org.testng.remote.RemoteTestNG.main(RemoteTestNG.java:77)]</details>
					
				</td>
			</tr>
			<tr class='log' status='fail'>
				<td class='status fail' title='fail' alt='fail'><i class='material-icons'>cancel</i></td>
				<td class='timestamp'>8:03:59 PM</td>
				<td class='step-details'>
						<span class='badge white-text red'>java.lang.AssertionError: expected [true] but found [false]Test Failed</span>
					
				</td>
			</tr>
			<tr class='log' status='fail'>
				<td class='status fail' title='fail' alt='fail'><i class='material-icons'>cancel</i></td>
				<td class='timestamp'>8:03:59 PM</td>
				<td class='step-details'>
						<span class='badge white-text red'>verifyGetAllWithShipmentsTicketFilters</span>
					
				</td>
			</tr>
		</tbody>
	</table>
</div>
					</div>
				</li>
				<li class='test displayed active  fail' status='fail' bdd='false' test-id='3'>
					<div class='test-heading'>
						<span class='test-name'>Verify Get-All- Retrieve the Shipments Ticket details by filtering with Category as Shipping / Receiving</span>
						<span class='test-time'>Mar 15, 2023 08:03:59 PM</span>
						<span class='test-status right fail'>fail</span>
					</div>
					<div class='test-content hide'>
<div class='test-time-info'>
	<span class='label start-time'>Mar 15, 2023 08:03:59 PM</span>
	<span class='label end-time'>Mar 15, 2023 08:04:01 PM</span>
	<span class='label time-taken grey lighten-1 white-text'>0h 0m 2s+312ms</span>
</div>
<div class='test-steps'>
	<table class='bordered table-results'>
		<thead>
			<tr>
				<th>Status</th>
				<th>Timestamp</th>
				<th>Details</th>
			</tr>
		</thead>
		<tbody>
			<tr class='log' status='info'>
				<td class='status info' title='info' alt='info'><i class='material-icons'>info_outline</i></td>
				<td class='timestamp'>8:04:01 PM</td>
				<td class='step-details'>
						API -https://api-tst.digitalrealty.com/v1/shipment-tickets?createdBy=DLR1 Super_Admin&status=In Progress
					
				</td>
			</tr>
			<tr class='log' status='pass'>
				<td class='status pass' title='pass' alt='pass'><i class='material-icons'>check_circle</i></td>
				<td class='timestamp'>8:04:01 PM</td>
				<td class='step-details'>
						Response Status Code and Status Message is HTTP/1.1 200 OK
					
				</td>
			</tr>
			<tr class='log' status='pass'>
				<td class='status pass' title='pass' alt='pass'><i class='material-icons'>check_circle</i></td>
				<td class='timestamp'>8:04:01 PM</td>
				<td class='step-details'>
						{
                "content": [],
                "pageable": {   
                    "last": true,
                    "totalPages": 0,
                    "totalElements": 0,
                    "size": 25,
                    "number": 0,
                    "numberOfElements": 0,
                    "first": true,
                    "empty": true
                }

            }
					
				</td>
			</tr>
			<tr class='log' status='fail'>
				<td class='status fail' title='fail' alt='fail'><i class='material-icons'>cancel</i></td>
				<td class='timestamp'>8:04:01 PM</td>
				<td class='step-details'>
						<details><summary><b><font color = red>Exception Occured, Click to see details:</font></b></summary>[org.testng.Assert.fail(Assert.java:99)<br> org.testng.Assert.failNotEquals(Assert.java:1037)<br> org.testng.Assert.assertTrue(Assert.java:45)<br> org.testng.Assert.assertTrue(Assert.java:55)<br> com.gapi.testCases.GetShipmentsTicketDetails.verifyGetAllWithShipmentsTicketFilters(GetShipmentsTicketDetails.java:101)<br> java.base/jdk.internal.reflect.NativeMethodAccessorImpl.invoke0(Native Method)<br> java.base/jdk.internal.reflect.NativeMethodAccessorImpl.invoke(NativeMethodAccessorImpl.java:77)<br> java.base/jdk.internal.reflect.DelegatingMethodAccessorImpl.invoke(DelegatingMethodAccessorImpl.java:43)<br> java.base/java.lang.reflect.Method.invoke(Method.java:568)<br> org.testng.internal.MethodInvocationHelper.invokeMethod(MethodInvocationHelper.java:133)<br> org.testng.internal.TestInvoker.invokeMethod(TestInvoker.java:598)<br> org.testng.internal.TestInvoker.invokeTestMethod(TestInvoker.java:173)<br> org.testng.internal.MethodRunner.runInSequence(MethodRunner.java:46)<br> org.testng.internal.TestInvoker$MethodInvocationAgent.invoke(TestInvoker.java:824)<br> org.testng.internal.TestInvoker.invokeTestMethods(TestInvoker.java:146)<br> org.testng.internal.TestMethodWorker.invokeTestMethods(TestMethodWorker.java:146)<br> org.testng.internal.TestMethodWorker.run(TestMethodWorker.java:128)<br> java.base/java.util.ArrayList.forEach(ArrayList.java:1511)<br> org.testng.TestRunner.privateRun(TestRunner.java:794)<br> org.testng.TestRunner.run(TestRunner.java:596)<br> org.testng.SuiteRunner.runTest(SuiteRunner.java:377)<br> org.testng.SuiteRunner.runSequentially(SuiteRunner.java:371)<br> org.testng.SuiteRunner.privateRun(SuiteRunner.java:332)<br> org.testng.SuiteRunner.run(SuiteRunner.java:276)<br> org.testng.SuiteRunnerWorker.runSuite(SuiteRunnerWorker.java:53)<br> org.testng.SuiteRunnerWorker.run(SuiteRunnerWorker.java:96)<br> org.testng.TestNG.runSuitesSequentially(TestNG.java:1212)<br> org.testng.TestNG.runSuitesLocally(TestNG.java:1134)<br> org.testng.TestNG.runSuites(TestNG.java:1063)<br> org.testng.TestNG.run(TestNG.java:1031)<br> org.testng.remote.AbstractRemoteTestNG.run(AbstractRemoteTestNG.java:115)<br> org.testng.remote.RemoteTestNG.initAndRun(RemoteTestNG.java:251)<br> org.testng.remote.RemoteTestNG.main(RemoteTestNG.java:77)]</details>
					
				</td>
			</tr>
			<tr class='log' status='fail'>
				<td class='status fail' title='fail' alt='fail'><i class='material-icons'>cancel</i></td>
				<td class='timestamp'>8:04:01 PM</td>
				<td class='step-details'>
						<span class='badge white-text red'>java.lang.AssertionError: expected [true] but found [false]Test Failed</span>
					
				</td>
			</tr>
			<tr class='log' status='fail'>
				<td class='status fail' title='fail' alt='fail'><i class='material-icons'>cancel</i></td>
				<td class='timestamp'>8:04:01 PM</td>
				<td class='step-details'>
						<span class='badge white-text red'>verifyGetAllWithShipmentsTicketFilters</span>
					
				</td>
			</tr>
		</tbody>
	</table>
</div>
					</div>
				</li>
				<li class='test displayed active  fail' status='fail' bdd='false' test-id='4'>
					<div class='test-heading'>
						<span class='test-name'>Verify Get-All- Retrieve the Shipment Ticket details by filtering with Site as DFW10 ,Status as In Progres &createdBy as John Johnson</span>
						<span class='test-time'>Mar 15, 2023 08:04:01 PM</span>
						<span class='test-status right fail'>fail</span>
					</div>
					<div class='test-content hide'>
<div class='test-time-info'>
	<span class='label start-time'>Mar 15, 2023 08:04:01 PM</span>
	<span class='label end-time'>Mar 15, 2023 08:04:03 PM</span>
	<span class='label time-taken grey lighten-1 white-text'>0h 0m 2s+215ms</span>
</div>
<div class='test-steps'>
	<table class='bordered table-results'>
		<thead>
			<tr>
				<th>Status</th>
				<th>Timestamp</th>
				<th>Details</th>
			</tr>
		</thead>
		<tbody>
			<tr class='log' status='info'>
				<td class='status info' title='info' alt='info'><i class='material-icons'>info_outline</i></td>
				<td class='timestamp'>8:04:03 PM</td>
				<td class='step-details'>
						API -https://api-tst.digitalrealty.com/v1/shipment-tickets?site=OAK010&status=In Progress&createdBy=DLR1 Super_Admin
					
				</td>
			</tr>
			<tr class='log' status='pass'>
				<td class='status pass' title='pass' alt='pass'><i class='material-icons'>check_circle</i></td>
				<td class='timestamp'>8:04:03 PM</td>
				<td class='step-details'>
						Response Status Code and Status Message is HTTP/1.1 200 OK
					
				</td>
			</tr>
			<tr class='log' status='pass'>
				<td class='status pass' title='pass' alt='pass'><i class='material-icons'>check_circle</i></td>
				<td class='timestamp'>8:04:03 PM</td>
				<td class='step-details'>
						{
                "content": [],
                "pageable": {   
                    "last": true,
                    "totalPages": 0,
                    "totalElements": 0,
                    "size": 25,
                    "number": 0,
                    "numberOfElements": 0,
                    "first": true,
                    "empty": true
                }

            }
					
				</td>
			</tr>
			<tr class='log' status='fail'>
				<td class='status fail' title='fail' alt='fail'><i class='material-icons'>cancel</i></td>
				<td class='timestamp'>8:04:03 PM</td>
				<td class='step-details'>
						<details><summary><b><font color = red>Exception Occured, Click to see details:</font></b></summary>[org.testng.Assert.fail(Assert.java:99)<br> org.testng.Assert.failNotEquals(Assert.java:1037)<br> org.testng.Assert.assertTrue(Assert.java:45)<br> org.testng.Assert.assertTrue(Assert.java:55)<br> com.gapi.testCases.GetShipmentsTicketDetails.verifyGetAllWithShipmentsTicketFilters(GetShipmentsTicketDetails.java:101)<br> java.base/jdk.internal.reflect.NativeMethodAccessorImpl.invoke0(Native Method)<br> java.base/jdk.internal.reflect.NativeMethodAccessorImpl.invoke(NativeMethodAccessorImpl.java:77)<br> java.base/jdk.internal.reflect.DelegatingMethodAccessorImpl.invoke(DelegatingMethodAccessorImpl.java:43)<br> java.base/java.lang.reflect.Method.invoke(Method.java:568)<br> org.testng.internal.MethodInvocationHelper.invokeMethod(MethodInvocationHelper.java:133)<br> org.testng.internal.TestInvoker.invokeMethod(TestInvoker.java:598)<br> org.testng.internal.TestInvoker.invokeTestMethod(TestInvoker.java:173)<br> org.testng.internal.MethodRunner.runInSequence(MethodRunner.java:46)<br> org.testng.internal.TestInvoker$MethodInvocationAgent.invoke(TestInvoker.java:824)<br> org.testng.internal.TestInvoker.invokeTestMethods(TestInvoker.java:146)<br> org.testng.internal.TestMethodWorker.invokeTestMethods(TestMethodWorker.java:146)<br> org.testng.internal.TestMethodWorker.run(TestMethodWorker.java:128)<br> java.base/java.util.ArrayList.forEach(ArrayList.java:1511)<br> org.testng.TestRunner.privateRun(TestRunner.java:794)<br> org.testng.TestRunner.run(TestRunner.java:596)<br> org.testng.SuiteRunner.runTest(SuiteRunner.java:377)<br> org.testng.SuiteRunner.runSequentially(SuiteRunner.java:371)<br> org.testng.SuiteRunner.privateRun(SuiteRunner.java:332)<br> org.testng.SuiteRunner.run(SuiteRunner.java:276)<br> org.testng.SuiteRunnerWorker.runSuite(SuiteRunnerWorker.java:53)<br> org.testng.SuiteRunnerWorker.run(SuiteRunnerWorker.java:96)<br> org.testng.TestNG.runSuitesSequentially(TestNG.java:1212)<br> org.testng.TestNG.runSuitesLocally(TestNG.java:1134)<br> org.testng.TestNG.runSuites(TestNG.java:1063)<br> org.testng.TestNG.run(TestNG.java:1031)<br> org.testng.remote.AbstractRemoteTestNG.run(AbstractRemoteTestNG.java:115)<br> org.testng.remote.RemoteTestNG.initAndRun(RemoteTestNG.java:251)<br> org.testng.remote.RemoteTestNG.main(RemoteTestNG.java:77)]</details>
					
				</td>
			</tr>
			<tr class='log' status='fail'>
				<td class='status fail' title='fail' alt='fail'><i class='material-icons'>cancel</i></td>
				<td class='timestamp'>8:04:03 PM</td>
				<td class='step-details'>
						<span class='badge white-text red'>java.lang.AssertionError: expected [true] but found [false]Test Failed</span>
					
				</td>
			</tr>
			<tr class='log' status='fail'>
				<td class='status fail' title='fail' alt='fail'><i class='material-icons'>cancel</i></td>
				<td class='timestamp'>8:04:03 PM</td>
				<td class='step-details'>
						<span class='badge white-text red'>verifyGetAllWithShipmentsTicketFilters</span>
					
				</td>
			</tr>
		</tbody>
	</table>
</div>
					</div>
				</li>
				<li class='test displayed active  fail' status='fail' bdd='false' test-id='5'>
					<div class='test-heading'>
						<span class='test-name'>Verify Get-All- Retrieve the Shipment Ticket details by filtering with Site as DFW10 ,Status as In Progress& Limit as 30</span>
						<span class='test-time'>Mar 15, 2023 08:04:03 PM</span>
						<span class='test-status right fail'>fail</span>
					</div>
					<div class='test-content hide'>
<div class='test-time-info'>
	<span class='label start-time'>Mar 15, 2023 08:04:03 PM</span>
	<span class='label end-time'>Mar 15, 2023 08:04:05 PM</span>
	<span class='label time-taken grey lighten-1 white-text'>0h 0m 1s+980ms</span>
</div>
<div class='test-steps'>
	<table class='bordered table-results'>
		<thead>
			<tr>
				<th>Status</th>
				<th>Timestamp</th>
				<th>Details</th>
			</tr>
		</thead>
		<tbody>
			<tr class='log' status='info'>
				<td class='status info' title='info' alt='info'><i class='material-icons'>info_outline</i></td>
				<td class='timestamp'>8:04:05 PM</td>
				<td class='step-details'>
						API -https://api-tst.digitalrealty.com/v1/shipment-tickets?status=In Progress&site==PHX015&size=30
					
				</td>
			</tr>
			<tr class='log' status='pass'>
				<td class='status pass' title='pass' alt='pass'><i class='material-icons'>check_circle</i></td>
				<td class='timestamp'>8:04:05 PM</td>
				<td class='step-details'>
						Response Status Code and Status Message is HTTP/1.1 200 OK
					
				</td>
			</tr>
			<tr class='log' status='pass'>
				<td class='status pass' title='pass' alt='pass'><i class='material-icons'>check_circle</i></td>
				<td class='timestamp'>8:04:05 PM</td>
				<td class='step-details'>
						{
                "content": [],
                "pageable": {   
                    "last": true,
                    "totalPages": 0,
                    "totalElements": 0,
                    "size": 30,
                    "number": 0,
                    "numberOfElements": 0,
                    "first": true,
                    "empty": true
                }

            }
					
				</td>
			</tr>
			<tr class='log' status='fail'>
				<td class='status fail' title='fail' alt='fail'><i class='material-icons'>cancel</i></td>
				<td class='timestamp'>8:04:05 PM</td>
				<td class='step-details'>
						<details><summary><b><font color = red>Exception Occured, Click to see details:</font></b></summary>[org.testng.Assert.fail(Assert.java:99)<br> org.testng.Assert.failNotEquals(Assert.java:1037)<br> org.testng.Assert.assertTrue(Assert.java:45)<br> org.testng.Assert.assertTrue(Assert.java:55)<br> com.gapi.testCases.GetShipmentsTicketDetails.verifyGetAllWithShipmentsTicketFilters(GetShipmentsTicketDetails.java:101)<br> java.base/jdk.internal.reflect.NativeMethodAccessorImpl.invoke0(Native Method)<br> java.base/jdk.internal.reflect.NativeMethodAccessorImpl.invoke(NativeMethodAccessorImpl.java:77)<br> java.base/jdk.internal.reflect.DelegatingMethodAccessorImpl.invoke(DelegatingMethodAccessorImpl.java:43)<br> java.base/java.lang.reflect.Method.invoke(Method.java:568)<br> org.testng.internal.MethodInvocationHelper.invokeMethod(MethodInvocationHelper.java:133)<br> org.testng.internal.TestInvoker.invokeMethod(TestInvoker.java:598)<br> org.testng.internal.TestInvoker.invokeTestMethod(TestInvoker.java:173)<br> org.testng.internal.MethodRunner.runInSequence(MethodRunner.java:46)<br> org.testng.internal.TestInvoker$MethodInvocationAgent.invoke(TestInvoker.java:824)<br> org.testng.internal.TestInvoker.invokeTestMethods(TestInvoker.java:146)<br> org.testng.internal.TestMethodWorker.invokeTestMethods(TestMethodWorker.java:146)<br> org.testng.internal.TestMethodWorker.run(TestMethodWorker.java:128)<br> java.base/java.util.ArrayList.forEach(ArrayList.java:1511)<br> org.testng.TestRunner.privateRun(TestRunner.java:794)<br> org.testng.TestRunner.run(TestRunner.java:596)<br> org.testng.SuiteRunner.runTest(SuiteRunner.java:377)<br> org.testng.SuiteRunner.runSequentially(SuiteRunner.java:371)<br> org.testng.SuiteRunner.privateRun(SuiteRunner.java:332)<br> org.testng.SuiteRunner.run(SuiteRunner.java:276)<br> org.testng.SuiteRunnerWorker.runSuite(SuiteRunnerWorker.java:53)<br> org.testng.SuiteRunnerWorker.run(SuiteRunnerWorker.java:96)<br> org.testng.TestNG.runSuitesSequentially(TestNG.java:1212)<br> org.testng.TestNG.runSuitesLocally(TestNG.java:1134)<br> org.testng.TestNG.runSuites(TestNG.java:1063)<br> org.testng.TestNG.run(TestNG.java:1031)<br> org.testng.remote.AbstractRemoteTestNG.run(AbstractRemoteTestNG.java:115)<br> org.testng.remote.RemoteTestNG.initAndRun(RemoteTestNG.java:251)<br> org.testng.remote.RemoteTestNG.main(RemoteTestNG.java:77)]</details>
					
				</td>
			</tr>
			<tr class='log' status='fail'>
				<td class='status fail' title='fail' alt='fail'><i class='material-icons'>cancel</i></td>
				<td class='timestamp'>8:04:05 PM</td>
				<td class='step-details'>
						<span class='badge white-text red'>java.lang.AssertionError: expected [true] but found [false]Test Failed</span>
					
				</td>
			</tr>
			<tr class='log' status='fail'>
				<td class='status fail' title='fail' alt='fail'><i class='material-icons'>cancel</i></td>
				<td class='timestamp'>8:04:05 PM</td>
				<td class='step-details'>
						<span class='badge white-text red'>verifyGetAllWithShipmentsTicketFilters</span>
					
				</td>
			</tr>
		</tbody>
	</table>
</div>
					</div>
				</li>
				<li class='test displayed active  fail' status='fail' bdd='false' test-id='6'>
					<div class='test-heading'>
						<span class='test-name'>Verify Get-All- Retrieve the Shipment Ticket details by filtering with Site as DFW10 ,Status as In Progress&offset as 20</span>
						<span class='test-time'>Mar 15, 2023 08:04:05 PM</span>
						<span class='test-status right fail'>fail</span>
					</div>
					<div class='test-content hide'>
<div class='test-time-info'>
	<span class='label start-time'>Mar 15, 2023 08:04:05 PM</span>
	<span class='label end-time'>Mar 15, 2023 08:04:08 PM</span>
	<span class='label time-taken grey lighten-1 white-text'>0h 0m 2s+191ms</span>
</div>
<div class='test-steps'>
	<table class='bordered table-results'>
		<thead>
			<tr>
				<th>Status</th>
				<th>Timestamp</th>
				<th>Details</th>
			</tr>
		</thead>
		<tbody>
			<tr class='log' status='info'>
				<td class='status info' title='info' alt='info'><i class='material-icons'>info_outline</i></td>
				<td class='timestamp'>8:04:08 PM</td>
				<td class='step-details'>
						API -https://api-tst.digitalrealty.com/v1/shipment-tickets?status=In Progress&site==PHX015&page=0
					
				</td>
			</tr>
			<tr class='log' status='pass'>
				<td class='status pass' title='pass' alt='pass'><i class='material-icons'>check_circle</i></td>
				<td class='timestamp'>8:04:08 PM</td>
				<td class='step-details'>
						Response Status Code and Status Message is HTTP/1.1 200 OK
					
				</td>
			</tr>
			<tr class='log' status='pass'>
				<td class='status pass' title='pass' alt='pass'><i class='material-icons'>check_circle</i></td>
				<td class='timestamp'>8:04:08 PM</td>
				<td class='step-details'>
						{
                "content": [],
                "pageable": {   
                    "last": true,
                    "totalPages": 0,
                    "totalElements": 0,
                    "size": 25,
                    "number": 0,
                    "numberOfElements": 0,
                    "first": true,
                    "empty": true
                }

            }
					
				</td>
			</tr>
			<tr class='log' status='fail'>
				<td class='status fail' title='fail' alt='fail'><i class='material-icons'>cancel</i></td>
				<td class='timestamp'>8:04:08 PM</td>
				<td class='step-details'>
						<details><summary><b><font color = red>Exception Occured, Click to see details:</font></b></summary>[org.testng.Assert.fail(Assert.java:99)<br> org.testng.Assert.failNotEquals(Assert.java:1037)<br> org.testng.Assert.assertTrue(Assert.java:45)<br> org.testng.Assert.assertTrue(Assert.java:55)<br> com.gapi.testCases.GetShipmentsTicketDetails.verifyGetAllWithShipmentsTicketFilters(GetShipmentsTicketDetails.java:101)<br> java.base/jdk.internal.reflect.NativeMethodAccessorImpl.invoke0(Native Method)<br> java.base/jdk.internal.reflect.NativeMethodAccessorImpl.invoke(NativeMethodAccessorImpl.java:77)<br> java.base/jdk.internal.reflect.DelegatingMethodAccessorImpl.invoke(DelegatingMethodAccessorImpl.java:43)<br> java.base/java.lang.reflect.Method.invoke(Method.java:568)<br> org.testng.internal.MethodInvocationHelper.invokeMethod(MethodInvocationHelper.java:133)<br> org.testng.internal.TestInvoker.invokeMethod(TestInvoker.java:598)<br> org.testng.internal.TestInvoker.invokeTestMethod(TestInvoker.java:173)<br> org.testng.internal.MethodRunner.runInSequence(MethodRunner.java:46)<br> org.testng.internal.TestInvoker$MethodInvocationAgent.invoke(TestInvoker.java:824)<br> org.testng.internal.TestInvoker.invokeTestMethods(TestInvoker.java:146)<br> org.testng.internal.TestMethodWorker.invokeTestMethods(TestMethodWorker.java:146)<br> org.testng.internal.TestMethodWorker.run(TestMethodWorker.java:128)<br> java.base/java.util.ArrayList.forEach(ArrayList.java:1511)<br> org.testng.TestRunner.privateRun(TestRunner.java:794)<br> org.testng.TestRunner.run(TestRunner.java:596)<br> org.testng.SuiteRunner.runTest(SuiteRunner.java:377)<br> org.testng.SuiteRunner.runSequentially(SuiteRunner.java:371)<br> org.testng.SuiteRunner.privateRun(SuiteRunner.java:332)<br> org.testng.SuiteRunner.run(SuiteRunner.java:276)<br> org.testng.SuiteRunnerWorker.runSuite(SuiteRunnerWorker.java:53)<br> org.testng.SuiteRunnerWorker.run(SuiteRunnerWorker.java:96)<br> org.testng.TestNG.runSuitesSequentially(TestNG.java:1212)<br> org.testng.TestNG.runSuitesLocally(TestNG.java:1134)<br> org.testng.TestNG.runSuites(TestNG.java:1063)<br> org.testng.TestNG.run(TestNG.java:1031)<br> org.testng.remote.AbstractRemoteTestNG.run(AbstractRemoteTestNG.java:115)<br> org.testng.remote.RemoteTestNG.initAndRun(RemoteTestNG.java:251)<br> org.testng.remote.RemoteTestNG.main(RemoteTestNG.java:77)]</details>
					
				</td>
			</tr>
			<tr class='log' status='fail'>
				<td class='status fail' title='fail' alt='fail'><i class='material-icons'>cancel</i></td>
				<td class='timestamp'>8:04:08 PM</td>
				<td class='step-details'>
						<span class='badge white-text red'>java.lang.AssertionError: expected [true] but found [false]Test Failed</span>
					
				</td>
			</tr>
			<tr class='log' status='fail'>
				<td class='status fail' title='fail' alt='fail'><i class='material-icons'>cancel</i></td>
				<td class='timestamp'>8:04:08 PM</td>
				<td class='step-details'>
						<span class='badge white-text red'>verifyGetAllWithShipmentsTicketFilters</span>
					
				</td>
			</tr>
		</tbody>
	</table>
</div>
					</div>
				</li>
				<li class='test displayed active  fail' status='fail' bdd='false' test-id='7'>
					<div class='test-heading'>
						<span class='test-name'>Verify Get-All- Retrieve the Shipment Ticket details by filtering with Site DFW10 ,Status as Completed,Limit as 30 & offset as 0</span>
						<span class='test-time'>Mar 15, 2023 08:04:08 PM</span>
						<span class='test-status right fail'>fail</span>
					</div>
					<div class='test-content hide'>
<div class='test-time-info'>
	<span class='label start-time'>Mar 15, 2023 08:04:08 PM</span>
	<span class='label end-time'>Mar 15, 2023 08:04:10 PM</span>
	<span class='label time-taken grey lighten-1 white-text'>0h 0m 2s+127ms</span>
</div>
<div class='test-steps'>
	<table class='bordered table-results'>
		<thead>
			<tr>
				<th>Status</th>
				<th>Timestamp</th>
				<th>Details</th>
			</tr>
		</thead>
		<tbody>
			<tr class='log' status='info'>
				<td class='status info' title='info' alt='info'><i class='material-icons'>info_outline</i></td>
				<td class='timestamp'>8:04:10 PM</td>
				<td class='step-details'>
						API -https://api-tst.digitalrealty.com/v1/shipment-tickets?status=Completed&site==PHX015&page=0&size=30
					
				</td>
			</tr>
			<tr class='log' status='pass'>
				<td class='status pass' title='pass' alt='pass'><i class='material-icons'>check_circle</i></td>
				<td class='timestamp'>8:04:10 PM</td>
				<td class='step-details'>
						Response Status Code and Status Message is HTTP/1.1 200 OK
					
				</td>
			</tr>
			<tr class='log' status='pass'>
				<td class='status pass' title='pass' alt='pass'><i class='material-icons'>check_circle</i></td>
				<td class='timestamp'>8:04:10 PM</td>
				<td class='step-details'>
						{
                "content": [],
                "pageable": {   
                    "last": true,
                    "totalPages": 0,
                    "totalElements": 0,
                    "size": 30,
                    "number": 0,
                    "numberOfElements": 0,
                    "first": true,
                    "empty": true
                }

            }
					
				</td>
			</tr>
			<tr class='log' status='fail'>
				<td class='status fail' title='fail' alt='fail'><i class='material-icons'>cancel</i></td>
				<td class='timestamp'>8:04:10 PM</td>
				<td class='step-details'>
						<details><summary><b><font color = red>Exception Occured, Click to see details:</font></b></summary>[org.testng.Assert.fail(Assert.java:99)<br> org.testng.Assert.failNotEquals(Assert.java:1037)<br> org.testng.Assert.assertTrue(Assert.java:45)<br> org.testng.Assert.assertTrue(Assert.java:55)<br> com.gapi.testCases.GetShipmentsTicketDetails.verifyGetAllWithShipmentsTicketFilters(GetShipmentsTicketDetails.java:101)<br> java.base/jdk.internal.reflect.NativeMethodAccessorImpl.invoke0(Native Method)<br> java.base/jdk.internal.reflect.NativeMethodAccessorImpl.invoke(NativeMethodAccessorImpl.java:77)<br> java.base/jdk.internal.reflect.DelegatingMethodAccessorImpl.invoke(DelegatingMethodAccessorImpl.java:43)<br> java.base/java.lang.reflect.Method.invoke(Method.java:568)<br> org.testng.internal.MethodInvocationHelper.invokeMethod(MethodInvocationHelper.java:133)<br> org.testng.internal.TestInvoker.invokeMethod(TestInvoker.java:598)<br> org.testng.internal.TestInvoker.invokeTestMethod(TestInvoker.java:173)<br> org.testng.internal.MethodRunner.runInSequence(MethodRunner.java:46)<br> org.testng.internal.TestInvoker$MethodInvocationAgent.invoke(TestInvoker.java:824)<br> org.testng.internal.TestInvoker.invokeTestMethods(TestInvoker.java:146)<br> org.testng.internal.TestMethodWorker.invokeTestMethods(TestMethodWorker.java:146)<br> org.testng.internal.TestMethodWorker.run(TestMethodWorker.java:128)<br> java.base/java.util.ArrayList.forEach(ArrayList.java:1511)<br> org.testng.TestRunner.privateRun(TestRunner.java:794)<br> org.testng.TestRunner.run(TestRunner.java:596)<br> org.testng.SuiteRunner.runTest(SuiteRunner.java:377)<br> org.testng.SuiteRunner.runSequentially(SuiteRunner.java:371)<br> org.testng.SuiteRunner.privateRun(SuiteRunner.java:332)<br> org.testng.SuiteRunner.run(SuiteRunner.java:276)<br> org.testng.SuiteRunnerWorker.runSuite(SuiteRunnerWorker.java:53)<br> org.testng.SuiteRunnerWorker.run(SuiteRunnerWorker.java:96)<br> org.testng.TestNG.runSuitesSequentially(TestNG.java:1212)<br> org.testng.TestNG.runSuitesLocally(TestNG.java:1134)<br> org.testng.TestNG.runSuites(TestNG.java:1063)<br> org.testng.TestNG.run(TestNG.java:1031)<br> org.testng.remote.AbstractRemoteTestNG.run(AbstractRemoteTestNG.java:115)<br> org.testng.remote.RemoteTestNG.initAndRun(RemoteTestNG.java:251)<br> org.testng.remote.RemoteTestNG.main(RemoteTestNG.java:77)]</details>
					
				</td>
			</tr>
			<tr class='log' status='fail'>
				<td class='status fail' title='fail' alt='fail'><i class='material-icons'>cancel</i></td>
				<td class='timestamp'>8:04:10 PM</td>
				<td class='step-details'>
						<span class='badge white-text red'>java.lang.AssertionError: expected [true] but found [false]Test Failed</span>
					
				</td>
			</tr>
			<tr class='log' status='fail'>
				<td class='status fail' title='fail' alt='fail'><i class='material-icons'>cancel</i></td>
				<td class='timestamp'>8:04:10 PM</td>
				<td class='step-details'>
						<span class='badge white-text red'>verifyGetAllWithShipmentsTicketFilters</span>
					
				</td>
			</tr>
		</tbody>
	</table>
</div>
					</div>
				</li>
				<li class='test displayed active  fail' status='fail' bdd='false' test-id='8'>
					<div class='test-heading'>
						<span class='test-name'>Verify Get-All- Retrieve the Shipment Ticket details by filtering with Site as DFW10,Status as In Progress,Limit as 30 &offset as 0</span>
						<span class='test-time'>Mar 15, 2023 08:04:10 PM</span>
						<span class='test-status right fail'>fail</span>
					</div>
					<div class='test-content hide'>
<div class='test-time-info'>
	<span class='label start-time'>Mar 15, 2023 08:04:10 PM</span>
	<span class='label end-time'>Mar 15, 2023 08:04:14 PM</span>
	<span class='label time-taken grey lighten-1 white-text'>0h 0m 4s+655ms</span>
</div>
<div class='test-steps'>
	<table class='bordered table-results'>
		<thead>
			<tr>
				<th>Status</th>
				<th>Timestamp</th>
				<th>Details</th>
			</tr>
		</thead>
		<tbody>
			<tr class='log' status='info'>
				<td class='status info' title='info' alt='info'><i class='material-icons'>info_outline</i></td>
				<td class='timestamp'>8:04:14 PM</td>
				<td class='step-details'>
						API -https://api-tst.digitalrealty.com/v1/shipment-tickets?size=30&status=New&page=0&site==PHX015
					
				</td>
			</tr>
			<tr class='log' status='pass'>
				<td class='status pass' title='pass' alt='pass'><i class='material-icons'>check_circle</i></td>
				<td class='timestamp'>8:04:14 PM</td>
				<td class='step-details'>
						Response Status Code and Status Message is HTTP/1.1 200 OK
					
				</td>
			</tr>
			<tr class='log' status='pass'>
				<td class='status pass' title='pass' alt='pass'><i class='material-icons'>check_circle</i></td>
				<td class='timestamp'>8:04:14 PM</td>
				<td class='step-details'>
						{
                "content": [{"id":"WO8690645","title":"shipment title","status":"New","site":"PHX015","courier":"UPS","requiresRemoteHandsTicket":"","createdOn":"2023-03-15 12:30:03","updatedOn":"2023-03-15 12:31:04","closedOn":"","createdBy":"DLR1 Super_Admin"},{"id":"WO8690643","title":"shipment title","status":"New","site":"PHX015","courier":"UPS","requiresRemoteHandsTicket":"","createdOn":"2023-03-15 12:09:18","updatedOn":"2023-03-15 12:09:25","closedOn":"","createdBy":"DLR1 Super_Admin"},{"id":"WO8690601","title":"shipment title ","status":"New","site":"PHX015","courier":"DTDCTEST","requiresRemoteHandsTicket":"","createdOn":"2023-03-15 10:25:39","updatedOn":"2023-03-15 10:25:41","closedOn":"","createdBy":"DLR1 Super_Admin"},{"id":"WO8690586","title":"shipment title ","status":"New","site":"PHX015","courier":"DHL","requiresRemoteHandsTicket":"","createdOn":"2023-03-15 10:22:22","updatedOn":"2023-03-15 10:22:24","closedOn":"","createdBy":"DLR1 Super_Admin"},{"id":"WO8690585","title":"Edit title","status":"New","site":"PHX015","courier":"DHL","requiresRemoteHandsTicket":"","createdOn":"2023-03-15 10:22:17","updatedOn":"2023-03-15 10:22:20","closedOn":"","createdBy":"DLR1 Super_Admin"},{"id":"WO8690584","title":"shipment title ","status":"New","site":"PHX015","courier":"DHL","requiresRemoteHandsTicket":"","createdOn":"2023-03-15 10:22:12","updatedOn":"2023-03-15 10:22:15","closedOn":"","createdBy":"DLR1 Super_Admin"},{"id":"WO8690583","title":"shipment title ","status":"New","site":"PHX015","courier":"DHL","requiresRemoteHandsTicket":"","createdOn":"2023-03-15 10:22:10","updatedOn":"2023-03-15 10:22:10","closedOn":"","createdBy":"DLR1 Super_Admin"},{"id":"WO8690582","title":"shipment title","status":"New","site":"PHX015","courier":"UPS","requiresRemoteHandsTicket":"","createdOn":"2023-03-15 10:22:07","updatedOn":"2023-03-15 10:22:07","closedOn":"","createdBy":"DLR1 Super_Admin"},{"id":"WO8690581","title":"shipment title ","status":"New","site":"PHX015","courier":"DHL","requiresRemoteHandsTicket":"","createdOn":"2023-03-15 10:22:02","updatedOn":"2023-03-15 10:22:05","closedOn":"","createdBy":"DLR1 Super_Admin"},{"id":"WO8690580","title":"shipment title ","status":"New","site":"PHX015","courier":"DHL","requiresRemoteHandsTicket":"","createdOn":"2023-03-15 10:21:57","updatedOn":"2023-03-15 10:22:00","closedOn":"","createdBy":"DLR1 Super_Admin"},{"id":"WO8690579","title":"shipment title ","status":"New","site":"PHX015","courier":"UPS","requiresRemoteHandsTicket":"","createdOn":"2023-03-15 10:21:53","updatedOn":"2023-03-15 10:21:55","closedOn":"","createdBy":"DLR1 Super_Admin"},{"id":"WO8690578","title":"title sample   ","status":"New","site":"PHX015","courier":"USP","requiresRemoteHandsTicket":"","createdOn":"2023-03-15 10:21:48","updatedOn":"2023-03-15 10:21:51","closedOn":"","createdBy":"DLR1 Super_Admin"},{"id":"WO8690561","title":"shipment title ","status":"New","site":"PHX015","courier":"DHL","requiresRemoteHandsTicket":"","createdOn":"2023-03-15 10:14:40","updatedOn":"2023-03-15 10:14:40","closedOn":"","createdBy":"DLR1 Super_Admin"},{"id":"WO8690560","title":"shipment title ","status":"New","site":"PHX015","courier":"DTDCTEST","requiresRemoteHandsTicket":"","createdOn":"2023-03-15 10:14:31","updatedOn":"2023-03-15 10:14:31","closedOn":"","createdBy":"DLR1 Super_Admin"},{"id":"WO8690559","title":"shipment title","status":"New","site":"PHX015","courier":"UPS","requiresRemoteHandsTicket":"","createdOn":"2023-03-15 10:14:26","updatedOn":"2023-03-15 10:14:26","closedOn":"","createdBy":"DLR1 Super_Admin"},{"id":"WO8690558","title":"shipment title","status":"New","site":"PHX015","courier":"UPS","requiresRemoteHandsTicket":"","createdOn":"2023-03-15 10:14:22","updatedOn":"2023-03-15 10:14:22","closedOn":"","createdBy":"DLR1 Super_Admin"},{"id":"WO8690557","title":"shipment title","status":"New","site":"PHX015","courier":"UPS","requiresRemoteHandsTicket":"","createdOn":"2023-03-15 10:14:17","updatedOn":"2023-03-15 10:14:17","closedOn":"","createdBy":"DLR1 Super_Admin"},{"id":"WO8690556","title":"shipment title","status":"New","site":"PHX015","courier":"UPS","requiresRemoteHandsTicket":"","createdOn":"2023-03-15 10:14:13","updatedOn":"2023-03-15 10:14:13","closedOn":"","createdBy":"DLR1 Super_Admin"},{"id":"WO8690555","title":"shipment title","status":"New","site":"PHX015","courier":"DHL","requiresRemoteHandsTicket":"","createdOn":"2023-03-15 10:14:09","updatedOn":"2023-03-15 10:14:09","closedOn":"","createdBy":"DLR1 Super_Admin"},{"id":"WO8690554","title":"shipment title","status":"New","site":"PHX015","courier":"UPS","requiresRemoteHandsTicket":"","createdOn":"2023-03-15 10:14:04","updatedOn":"2023-03-15 10:14:04","closedOn":"","createdBy":"DLR1 Super_Admin"},{"id":"WO8690553","title":"shipment title ","status":"New","site":"PHX015","courier":"DHL","requiresRemoteHandsTicket":"","createdOn":"2023-03-15 10:14:00","updatedOn":"2023-03-15 10:14:00","closedOn":"","createdBy":"DLR1 Super_Admin"},{"id":"WO8690552","title":"shipment title ","status":"New","site":"PHX015","courier":"DHL","requiresRemoteHandsTicket":"","createdOn":"2023-03-15 10:13:55","updatedOn":"2023-03-15 10:13:55","closedOn":"","createdBy":"DLR1 Super_Admin"},{"id":"WO8690551","title":"shipment title ","status":"New","site":"PHX015","courier":"DHL","requiresRemoteHandsTicket":"","createdOn":"2023-03-15 10:13:53","updatedOn":"2023-03-15 10:13:53","closedOn":"","createdBy":"DLR1 Super_Admin"},{"id":"WO8690550","title":"shipment title ","status":"New","site":"PHX015","courier":"DHL","requiresRemoteHandsTicket":"","createdOn":"2023-03-15 10:13:52","updatedOn":"2023-03-15 10:13:52","closedOn":"","createdBy":"DLR1 Super_Admin"},{"id":"WO8690549","title":"title sample   ","status":"New","site":"PHX015","courier":"USP","requiresRemoteHandsTicket":"","createdOn":"2023-03-15 10:13:50","updatedOn":"2023-03-15 10:13:50","closedOn":"","createdBy":"DLR1 Super_Admin"},{"id":"WO8690548","title":"shipment title","status":"New","site":"PHX015","courier":"UPS","requiresRemoteHandsTicket":"","createdOn":"2023-03-15 10:13:42","updatedOn":"2023-03-15 10:13:47","closedOn":"","createdBy":"DLR1 Super_Admin"},{"id":"WO8690466","title":"shipment title ","status":"New","site":"PHX015","courier":"DHL","requiresRemoteHandsTicket":"","createdOn":"2023-03-15 09:19:51","updatedOn":"2023-03-15 09:19:51","closedOn":"","createdBy":"DLR1 Super_Admin"},{"id":"WO8690434","title":"shipment title ","status":"New","site":"PHX015","courier":"DTDCTEST","requiresRemoteHandsTicket":"","createdOn":"2023-03-15 08:50:51","updatedOn":"2023-03-15 08:50:52","closedOn":"","createdBy":"DLR1 Super_Admin"},{"id":"WO8690419","title":"shipment title ","status":"New","site":"PHX015","courier":"DHL","requiresRemoteHandsTicket":"","createdOn":"2023-03-15 08:47:33","updatedOn":"2023-03-15 08:47:35","closedOn":"","createdBy":"DLR1 Super_Admin"},{"id":"WO8690418","title":"Edit title","status":"New","site":"PHX015","courier":"DHL","requiresRemoteHandsTicket":"","createdOn":"2023-03-15 08:47:28","updatedOn":"2023-03-15 08:47:31","closedOn":"","createdBy":"DLR1 Super_Admin"}],
                "pageable": {   
                    "last": true,
                    "totalPages": 1,
                    "totalElements": 30,
                    "size": 30,
                    "number": 0,
                    "numberOfElements": 30,
                    "first": true,
                    "empty": false
                }

            }
					
				</td>
			</tr>
			<tr class='log' status='fail'>
				<td class='status fail' title='fail' alt='fail'><i class='material-icons'>cancel</i></td>
				<td class='timestamp'>8:04:14 PM</td>
				<td class='step-details'>
						<details><summary><b><font color = red>Exception Occured, Click to see details:</font></b></summary>[org.testng.Assert.fail(Assert.java:99)<br> org.testng.Assert.failNotEquals(Assert.java:1037)<br> org.testng.Assert.assertEqualsImpl(Assert.java:140)<br> org.testng.Assert.assertEquals(Assert.java:122)<br> org.testng.Assert.assertEquals(Assert.java:629)<br> org.testng.Assert.assertEquals(Assert.java:639)<br> com.gapi.testCases.GetShipmentsTicketDetails.verifyGetAllWithShipmentsTicketFilters(GetShipmentsTicketDetails.java:150)<br> java.base/jdk.internal.reflect.NativeMethodAccessorImpl.invoke0(Native Method)<br> java.base/jdk.internal.reflect.NativeMethodAccessorImpl.invoke(NativeMethodAccessorImpl.java:77)<br> java.base/jdk.internal.reflect.DelegatingMethodAccessorImpl.invoke(DelegatingMethodAccessorImpl.java:43)<br> java.base/java.lang.reflect.Method.invoke(Method.java:568)<br> org.testng.internal.MethodInvocationHelper.invokeMethod(MethodInvocationHelper.java:133)<br> org.testng.internal.TestInvoker.invokeMethod(TestInvoker.java:598)<br> org.testng.internal.TestInvoker.invokeTestMethod(TestInvoker.java:173)<br> org.testng.internal.MethodRunner.runInSequence(MethodRunner.java:46)<br> org.testng.internal.TestInvoker$MethodInvocationAgent.invoke(TestInvoker.java:824)<br> org.testng.internal.TestInvoker.invokeTestMethods(TestInvoker.java:146)<br> org.testng.internal.TestMethodWorker.invokeTestMethods(TestMethodWorker.java:146)<br> org.testng.internal.TestMethodWorker.run(TestMethodWorker.java:128)<br> java.base/java.util.ArrayList.forEach(ArrayList.java:1511)<br> org.testng.TestRunner.privateRun(TestRunner.java:794)<br> org.testng.TestRunner.run(TestRunner.java:596)<br> org.testng.SuiteRunner.runTest(SuiteRunner.java:377)<br> org.testng.SuiteRunner.runSequentially(SuiteRunner.java:371)<br> org.testng.SuiteRunner.privateRun(SuiteRunner.java:332)<br> org.testng.SuiteRunner.run(SuiteRunner.java:276)<br> org.testng.SuiteRunnerWorker.runSuite(SuiteRunnerWorker.java:53)<br> org.testng.SuiteRunnerWorker.run(SuiteRunnerWorker.java:96)<br> org.testng.TestNG.runSuitesSequentially(TestNG.java:1212)<br> org.testng.TestNG.runSuitesLocally(TestNG.java:1134)<br> org.testng.TestNG.runSuites(TestNG.java:1063)<br> org.testng.TestNG.run(TestNG.java:1031)<br> org.testng.remote.AbstractRemoteTestNG.run(AbstractRemoteTestNG.java:115)<br> org.testng.remote.RemoteTestNG.initAndRun(RemoteTestNG.java:251)<br> org.testng.remote.RemoteTestNG.main(RemoteTestNG.java:77)]</details>
					
				</td>
			</tr>
			<tr class='log' status='fail'>
				<td class='status fail' title='fail' alt='fail'><i class='material-icons'>cancel</i></td>
				<td class='timestamp'>8:04:14 PM</td>
				<td class='step-details'>
						<span class='badge white-text red'>java.lang.AssertionError: expected [] but found [PHX015]Test Failed</span>
					
				</td>
			</tr>
			<tr class='log' status='fail'>
				<td class='status fail' title='fail' alt='fail'><i class='material-icons'>cancel</i></td>
				<td class='timestamp'>8:04:14 PM</td>
				<td class='step-details'>
						<span class='badge white-text red'>verifyGetAllWithShipmentsTicketFilters</span>
					
				</td>
			</tr>
		</tbody>
	</table>
</div>
					</div>
				</li>
			</ul>
		</div>
	</div>
	<!-- subview left -->
	<div class='subview-right left'>
		<div class='view-summary'>
			<h5 class='test-name'></h5>
			<div id='step-filters' class="right">
				<span class="blue-text" status="info" alt="info" title="info"><i class="material-icons">info_outline</i></span>
				<span class="green-text" status="pass" alt="pass" title="pass"><i class="material-icons">check_circle</i></span>
				<span class="red-text" status="fail" alt="fail" title="fail"><i class="material-icons">cancel</i></span>
				<span class="red-text text-darken-4" status="fatal" alt="fatal" title="fatal"><i class="material-icons">cancel</i></span>
				<span class="pink-text text-lighten-1" status="error" alt="error" title="error"><i class="material-icons">error</i></span>
				<span class="orange-text" alt="warning" status="warning" title="warning"><i class="material-icons">warning</i></span>
				<span class="teal-text" status="skip" alt="skip" title="skip"><i class="material-icons">redo</i></span>
				<span status="clear" alt="Clear filters" title="Clear filters"><i class="material-icons">clear</i></span>
			</div>
		</div>
	</div>
	<!-- subview right -->
</div>
<!-- test view --><!-- category view --><!-- exception view --><div id='dashboard-view' class='view hide'>
	<div class='card-panel transparent np-v'>
		<h5>Dashboard</h5>

		<div class='row'>
			<div class='col s2'>
				<div class='card-panel r'>
					Tests
					<div class='panel-lead'>8</div>
				</div>
			</div>
			<div class='col s2'>
				<div class='card-panel r'>
					Steps
					<div class='panel-lead'>0</div>
				</div>
			</div>
			<div class='col s2'>
				<div class='card-panel r'>
					Start
					<div class='panel-lead'>Mar 15, 2023 08:03:51 PM</div>
				</div>
			</div>
			<div class='col s2'>
				<div class='card-panel r'>
			 		End
			 		<div class='panel-lead'>Mar 15, 2023 08:03:51 PM</div>
				</div>
			</div>
			<div class='col s2'>
				<div class='card-panel r'>
					Time Taken
					<div class='panel-lead'>0h 0m 0s+0ms</div>
				</div>
			</div>
			<div class='col s4'>
				<div class='card-panel dashboard-environment'>
					<span class='right label cyan white-text'>Environment</span><p>&nbsp;</p>
					
					<table>
						<tr>
							<th>Name</th>
							<th>Value</th>
						</tr>
							<tr>
								<td>Environemnt</td>
								<td>TEST</td>
							</tr>
							<tr>
								<td>user</td>
								<td>Ramu Kasi</td>
							</tr>
					</table>
				</div>
			</div>
		</div>
	</div>
</div>
<!-- dashboard view -->
<!-- testrunner-logs view -->		</div>
		<!-- container -->
		<script>
			var statusGroup = {
				passParent: 0,
				failParent: 8,
				fatalParent: 0,
				errorParent: 0,
				warningParent: 0,
				skipParent: 0,
				exceptionsParent: 8,
				
				passChild: 0,
				failChild: 0,
				fatalChild: 0,
				errorChild: 0,
				warningChild: 0,
				skipChild: 0,
				infoChild: 0,
				debugChild: 0,
				exceptionsChild: 0,
				
				passGrandChild: 0,
				failGrandChild: 0,
				fatalGrandChild: 0,
				errorGrandChild: 0,
				warningGrandChild: 0,
				skipGrandChild: 0,
				infoGrandChild: 0,
				debugGrandChild: 0,
				exceptionsGrandChild: 0,
			};
		</script>
		<script>
			var timeline = {
			        "Verify Get-All- Retrieve the Shipments Ticket details by filtering with Status as InProgress":2.512,"Verify Get-All- Retrieve the Shipments Ticket details by filtering with Status as Completed":2.326,"Verify Get-All- Retrieve the Shipments Ticket details by filtering with Category as Shipping / Receiving":2.312,"Verify Get-All- Retrieve the Shipment Ticket details by filtering with Site as DFW10 ,Status as In Progres &createdBy as John Johnson":2.215,"Verify Get-All- Retrieve the Shipment Ticket details by filtering with Site as DFW10 ,Status as In Progress& Limit as 30":1.98,"Verify Get-All- Retrieve the Shipment Ticket details by filtering with Site as DFW10 ,Status as In Progress&offset as 20":2.191,"Verify Get-All- Retrieve the Shipment Ticket details by filtering with Site DFW10 ,Status as Completed,Limit as 30 & offset as 0":2.127,"Verify Get-All- Retrieve the Shipment Ticket details by filtering with Site as DFW10,Status as In Progress,Limit as 30 &offset as 0":4.655
			};
		</script>
		<script src='https://cdn.rawgit.com/extent-framework/extent-github-cdn/master/v3html/js/extent.js' type='text/javascript'></script>
		<script type='text/javascript'>
			
            
                $(document).ready(function() {
                    
                });
            
        
		</script>
	</body>
</html>